u:\hlocal\i.g.1\proyectosig_x64_vs2019_fg\ig1app\x64\debug\vc142.pdb
u:\hlocal\i.g.1\proyectosig_x64_vs2019_fg\ig1app\x64\debug\vc142.idb
u:\hlocal\i.g.1\proyectosig_x64_vs2019_fg\ig1app\x64\debug\viewport.obj
u:\hlocal\i.g.1\proyectosig_x64_vs2019_fg\ig1app\x64\debug\texture.obj
u:\hlocal\i.g.1\proyectosig_x64_vs2019_fg\ig1app\x64\debug\scene.obj
u:\hlocal\i.g.1\proyectosig_x64_vs2019_fg\ig1app\x64\debug\pixmap32rgba.obj
u:\hlocal\i.g.1\proyectosig_x64_vs2019_fg\ig1app\x64\debug\mesh.obj
u:\hlocal\i.g.1\proyectosig_x64_vs2019_fg\ig1app\x64\debug\main.obj
u:\hlocal\i.g.1\proyectosig_x64_vs2019_fg\ig1app\x64\debug\ig1app.obj
u:\hlocal\i.g.1\proyectosig_x64_vs2019_fg\ig1app\x64\debug\entity.obj
u:\hlocal\i.g.1\proyectosig_x64_vs2019_fg\ig1app\x64\debug\camera.obj
u:\hlocal\i.g.1\proyectosig_x64_vs2019_fg\bin\ig1appdebug.ilk
u:\hlocal\i.g.1\proyectosig_x64_vs2019_fg\bin\ig1appdebug.exe
u:\hlocal\i.g.1\proyectosig_x64_vs2019_fg\bin\ig1appdebug.pdb
u:\hlocal\i.g.1\proyectosig_x64_vs2019_fg\ig1app\x64\debug\ig1app.tlog\cl.command.1.tlog
u:\hlocal\i.g.1\proyectosig_x64_vs2019_fg\ig1app\x64\debug\ig1app.tlog\cl.read.1.tlog
u:\hlocal\i.g.1\proyectosig_x64_vs2019_fg\ig1app\x64\debug\ig1app.tlog\cl.write.1.tlog
u:\hlocal\i.g.1\proyectosig_x64_vs2019_fg\ig1app\x64\debug\ig1app.tlog\link.command.1.tlog
u:\hlocal\i.g.1\proyectosig_x64_vs2019_fg\ig1app\x64\debug\ig1app.tlog\link.read.1.tlog
u:\hlocal\i.g.1\proyectosig_x64_vs2019_fg\ig1app\x64\debug\ig1app.tlog\link.write.1.tlog
